<?xml version="1.0" encoding="utf-8"?><testsuites name="pytest tests"><testsuite name="pytest" errors="0" failures="0" skipped="0" tests="17" time="3.170" timestamp="2026-02-28T12:09:32.020188+00:00" hostname="agent-env-79e52702-5c11-4f3a-93ba-b13c2e4cce74"><testcase classname="backend.tests.test_reassura_api.TestHealthAndRoot" name="test_root_endpoint" time="0.239" /><testcase classname="backend.tests.test_reassura_api.TestUsersAPI" name="test_get_all_users" time="0.243" /><testcase classname="backend.tests.test_reassura_api.TestUsersAPI" name="test_get_current_user" time="0.256" /><testcase classname="backend.tests.test_reassura_api.TestUsersAPI" name="test_get_specific_user" time="0.158" /><testcase classname="backend.tests.test_reassura_api.TestUsersAPI" name="test_get_nonexistent_user" time="0.158" /><testcase classname="backend.tests.test_reassura_api.TestCirclesAPI" name="test_get_all_circles" time="0.164" /><testcase classname="backend.tests.test_reassura_api.TestCirclesAPI" name="test_get_specific_circle" time="0.152" /><testcase classname="backend.tests.test_reassura_api.TestCirclesAPI" name="test_get_circle_members" time="0.264" /><testcase classname="backend.tests.test_reassura_api.TestFootprintsAPI" name="test_get_all_footprints" time="0.156" /><testcase classname="backend.tests.test_reassura_api.TestFootprintsAPI" name="test_get_circle_footprints" time="0.170" /><testcase classname="backend.tests.test_reassura_api.TestNotificationsAPI" name="test_get_all_notifications" time="0.148" /><testcase classname="backend.tests.test_reassura_api.TestNotificationsAPI" name="test_get_user_notifications" time="0.147" /><testcase classname="backend.tests.test_reassura_api.TestTravelAPI" name="test_get_active_travel" time="0.144" /><testcase classname="backend.tests.test_reassura_api.TestTravelAPI" name="test_get_user_travel" time="0.146" /><testcase classname="backend.tests.test_reassura_api.TestPlacesAPI" name="test_get_all_places" time="0.174" /><testcase classname="backend.tests.test_reassura_api.TestPlacesAPI" name="test_get_user_places" time="0.164" /><testcase classname="backend.tests.test_reassura_api.TestReactionsAPI" name="test_get_all_reactions" time="0.161" /></testsuite></testsuites>